[2020-12-17 23:20:21] info: Transpiling TypeScript to Lua...
[2020-12-17 23:20:46] info: Building "askellon-sector.w3x"...
[2020-12-17 23:20:47] info: Launching map "E:/codename-askellon/dist/askellon-sector.w3x"...
[2020-12-18 00:23:41] info: Transpiling TypeScript to Lua...
[2020-12-18 00:24:08] info: Building "askellon-sector.w3x"...
[2020-12-18 00:24:09] info: Launching map "E:/codename-askellon/dist/askellon-sector.w3x"...
[2020-12-18 01:42:28] info: Transpiling TypeScript to Lua...
[2020-12-18 01:42:53] info: Building "askellon-sector.w3x"...
[2020-12-18 01:42:54] info: Launching map "E:/codename-askellon/dist/askellon-sector.w3x"...
[2020-12-18 08:26:11] info: Transpiling TypeScript to Lua...
[2020-12-18 08:26:34] info: Building "askellon-sector.w3x"...
[2020-12-18 08:26:36] info: Launching map "E:/codename-askellon/dist/askellon-sector.w3x"...
[2020-12-18 08:28:54] info: Transpiling TypeScript to Lua...
[2020-12-18 08:29:15] info: Building "askellon-sector.w3x"...
[2020-12-18 08:29:15] info: Launching map "E:/codename-askellon/dist/askellon-sector.w3x"...
[2020-12-18 08:31:05] info: Transpiling TypeScript to Lua...
[2020-12-18 08:31:25] info: Building "askellon-sector.w3x"...
[2020-12-18 08:31:26] info: Launching map "E:/codename-askellon/dist/askellon-sector.w3x"...
[2020-12-18 08:34:59] info: Transpiling TypeScript to Lua...
[2020-12-18 08:35:21] info: Building "askellon-sector.w3x"...
[2020-12-18 08:35:21] info: Launching map "E:/codename-askellon/dist/askellon-sector.w3x"...
[2020-12-18 08:37:57] info: Transpiling TypeScript to Lua...
[2020-12-18 08:38:17] info: Building "askellon-sector.w3x"...
[2020-12-18 08:38:18] info: Launching map "E:/codename-askellon/dist/askellon-sector.w3x"...
[2020-12-18 09:05:28] info: Transpiling TypeScript to Lua...
[2020-12-18 09:05:49] info: Building "askellon-sector.w3x"...
[2020-12-18 09:05:49] info: Launching map "E:/codename-askellon/dist/askellon-sector.w3x"...
[2020-12-18 09:11:22] info: Transpiling TypeScript to Lua...
[2020-12-18 09:11:43] info: Building "askellon-sector.w3x"...
[2020-12-18 09:11:44] info: Launching map "E:/codename-askellon/dist/askellon-sector.w3x"...
[2020-12-18 09:13:31] info: Transpiling TypeScript to Lua...
[2020-12-18 09:13:51] info: Building "askellon-sector.w3x"...
[2020-12-18 09:13:52] info: Launching map "E:/codename-askellon/dist/askellon-sector.w3x"...
[2020-12-18 09:15:55] info: Transpiling TypeScript to Lua...
[2020-12-18 09:16:16] info: Building "askellon-sector.w3x"...
[2020-12-18 09:16:17] info: Launching map "E:/codename-askellon/dist/askellon-sector.w3x"...
[2020-12-18 10:16:12] info: Transpiling TypeScript to Lua...
[2020-12-18 10:16:37] info: Building "askellon-sector.w3x"...
[2020-12-18 10:16:37] info: Launching map "E:/codename-askellon/dist/askellon-sector.w3x"...
[2020-12-18 10:45:48] info: Transpiling TypeScript to Lua...
[2020-12-18 10:46:09] info: Building "askellon-sector.w3x"...
[2020-12-18 10:46:10] info: Launching map "E:/codename-askellon/dist/askellon-sector.w3x"...
[2020-12-18 11:46:41] info: Transpiling TypeScript to Lua...
[2020-12-18 11:47:02] info: Building "askellon-sector.w3x"...
[2020-12-18 11:47:03] info: Launching map "E:/codename-askellon/dist/askellon-sector.w3x"...
[2020-12-20 00:23:11] info: Transpiling TypeScript to Lua...
[2020-12-20 00:23:35] info: Building "askellon-sector.w3x"...
[2020-12-20 00:23:37] info: Launching map "E:/codename-askellon/dist/askellon-sector.w3x"...
[2020-12-20 00:29:03] info: Transpiling TypeScript to Lua...
[2020-12-20 00:29:27] info: Building "askellon-sector.w3x"...
[2020-12-20 00:29:28] info: Launching map "E:/codename-askellon/dist/askellon-sector.w3x"...
[2020-12-20 00:31:35] info: Transpiling TypeScript to Lua...
[2020-12-20 00:31:58] info: Building "askellon-sector.w3x"...
[2020-12-20 00:31:59] info: Launching map "E:/codename-askellon/dist/askellon-sector.w3x"...
[2020-12-20 00:44:25] info: Transpiling TypeScript to Lua...
[2020-12-20 00:44:46] info: Building "askellon-sector.w3x"...
[2020-12-20 00:44:47] info: Launching map "E:/codename-askellon/dist/askellon-sector.w3x"...
[2020-12-20 00:46:46] info: Transpiling TypeScript to Lua...
[2020-12-20 00:47:07] info: Building "askellon-sector.w3x"...
[2020-12-20 00:47:08] info: Launching map "E:/codename-askellon/dist/askellon-sector.w3x"...
[2020-12-20 00:48:45] info: Transpiling TypeScript to Lua...
[2020-12-20 00:49:05] info: Building "askellon-sector.w3x"...
[2020-12-20 00:49:06] info: Launching map "E:/codename-askellon/dist/askellon-sector.w3x"...
[2020-12-20 00:51:15] info: Transpiling TypeScript to Lua...
[2020-12-20 00:51:36] info: Building "askellon-sector.w3x"...
[2020-12-20 00:51:37] info: Launching map "E:/codename-askellon/dist/askellon-sector.w3x"...
[2020-12-20 01:09:39] info: Transpiling TypeScript to Lua...
[2020-12-20 01:10:00] info: Building "askellon-sector.w3x"...
[2020-12-20 01:10:01] info: Launching map "E:/codename-askellon/dist/askellon-sector.w3x"...
[2020-12-20 01:12:42] info: Transpiling TypeScript to Lua...
[2020-12-20 01:13:02] info: Building "askellon-sector.w3x"...
[2020-12-20 01:13:03] info: Launching map "E:/codename-askellon/dist/askellon-sector.w3x"...
[2020-12-20 01:15:25] info: Transpiling TypeScript to Lua...
[2020-12-20 01:15:46] info: Building "askellon-sector.w3x"...
[2020-12-20 01:15:47] info: Launching map "E:/codename-askellon/dist/askellon-sector.w3x"...
[2020-12-20 01:20:00] info: Transpiling TypeScript to Lua...
[2020-12-20 01:20:22] info: Building "askellon-sector.w3x"...
[2020-12-20 01:20:22] info: Launching map "E:/codename-askellon/dist/askellon-sector.w3x"...
[2020-12-20 01:23:30] info: Transpiling TypeScript to Lua...
[2020-12-20 01:23:51] info: Building "askellon-sector.w3x"...
[2020-12-20 01:23:51] info: Launching map "E:/codename-askellon/dist/askellon-sector.w3x"...
[2020-12-20 01:36:48] info: Transpiling TypeScript to Lua...
[2020-12-20 01:37:08] info: Building "askellon-sector.w3x"...
[2020-12-20 01:37:08] info: Launching map "E:/codename-askellon/dist/askellon-sector.w3x"...
[2020-12-20 01:39:58] info: Transpiling TypeScript to Lua...
[2020-12-20 01:40:19] info: Building "askellon-sector.w3x"...
[2020-12-20 01:40:19] info: Launching map "E:/codename-askellon/dist/askellon-sector.w3x"...
[2020-12-20 01:44:22] info: Transpiling TypeScript to Lua...
[2020-12-20 01:44:43] info: Building "askellon-sector.w3x"...
[2020-12-20 01:44:43] info: Launching map "E:/codename-askellon/dist/askellon-sector.w3x"...
[2020-12-20 01:49:38] info: Transpiling TypeScript to Lua...
[2020-12-20 01:49:59] info: Building "askellon-sector.w3x"...
[2020-12-20 01:50:00] info: Launching map "E:/codename-askellon/dist/askellon-sector.w3x"...
[2020-12-20 01:53:27] info: Transpiling TypeScript to Lua...
[2020-12-20 01:53:48] info: Building "askellon-sector.w3x"...
[2020-12-20 01:53:49] info: Launching map "E:/codename-askellon/dist/askellon-sector.w3x"...
[2020-12-20 04:59:17] info: Transpiling TypeScript to Lua...
[2020-12-20 04:59:39] info: Building "askellon-sector.w3x"...
[2020-12-20 04:59:40] info: Launching map "E:/codename-askellon/dist/askellon-sector.w3x"...
[2020-12-20 05:03:25] info: Transpiling TypeScript to Lua...
[2020-12-20 05:03:54] info: Building "askellon-sector.w3x"...
[2020-12-20 05:03:55] info: Launching map "E:/codename-askellon/dist/askellon-sector.w3x"...
[2020-12-20 05:53:10] info: Transpiling TypeScript to Lua...
[2020-12-20 05:53:34] info: Building "askellon-sector.w3x"...
[2020-12-20 05:53:35] info: Launching map "E:/codename-askellon/dist/askellon-sector.w3x"...
[2020-12-20 06:03:18] info: Transpiling TypeScript to Lua...
[2020-12-20 06:03:42] info: Building "askellon-sector.w3x"...
[2020-12-20 06:03:43] info: Launching map "E:/codename-askellon/dist/askellon-sector.w3x"...
[2020-12-20 11:42:47] info: Transpiling TypeScript to Lua...
[2020-12-20 11:43:18] info: Building "askellon-sector.w3x"...
[2020-12-20 11:43:38] info: Launching map "E:/codename-askellon/dist/askellon-sector.w3x"...
[2020-12-20 11:44:37] info: Transpiling TypeScript to Lua...
[2020-12-20 11:44:58] info: Building "askellon-sector.w3x"...
[2020-12-20 11:44:59] info: Launching map "E:/codename-askellon/dist/askellon-sector.w3x"...
[2020-12-20 11:48:19] info: Transpiling TypeScript to Lua...
[2020-12-20 11:48:40] info: Building "askellon-sector.w3x"...
[2020-12-20 11:48:40] info: Launching map "E:/codename-askellon/dist/askellon-sector.w3x"...
[2020-12-21 23:27:33] info: Transpiling TypeScript to Lua...
[2020-12-21 23:27:58] info: Building "askellon-sector.w3x"...
[2020-12-21 23:28:12] info: Launching map "E:/codename-askellon/dist/askellon-sector.w3x"...
[2020-12-23 01:23:25] info: Transpiling TypeScript to Lua...
[2020-12-23 01:23:55] info: Building "askellon-sector.w3x"...
[2020-12-23 01:23:56] info: Creating w3x archive...
[2020-12-23 23:51:14] info: Transpiling TypeScript to Lua...
[2020-12-23 23:51:43] info: Building "askellon-sector.w3x"...
[2020-12-23 23:51:50] info: Launching map "E:/codename-askellon/dist/askellon-sector.w3x"...
[2020-12-23 23:53:24] info: Transpiling TypeScript to Lua...
[2020-12-23 23:53:46] info: Building "askellon-sector.w3x"...
[2020-12-23 23:53:46] info: Launching map "E:/codename-askellon/dist/askellon-sector.w3x"...
[2020-12-24 00:14:35] info: Transpiling TypeScript to Lua...
[2020-12-24 00:14:57] info: Building "askellon-sector.w3x"...
[2020-12-24 00:15:01] info: Launching map "E:/codename-askellon/dist/askellon-sector.w3x"...
[2020-12-24 00:18:49] info: Transpiling TypeScript to Lua...
[2020-12-24 00:19:11] info: Building "askellon-sector.w3x"...
[2020-12-24 00:19:12] info: Launching map "E:/codename-askellon/dist/askellon-sector.w3x"...
[2020-12-24 00:23:16] info: Transpiling TypeScript to Lua...
[2020-12-24 00:23:39] info: Building "askellon-sector.w3x"...
[2020-12-24 00:23:40] info: Launching map "E:/codename-askellon/dist/askellon-sector.w3x"...
[2020-12-24 00:45:01] info: Transpiling TypeScript to Lua...
[2020-12-24 00:45:24] info: Building "askellon-sector.w3x"...
[2020-12-24 00:45:27] info: Launching map "E:/codename-askellon/dist/askellon-sector.w3x"...
[2020-12-24 00:48:08] info: Transpiling TypeScript to Lua...
[2020-12-24 00:48:29] info: Building "askellon-sector.w3x"...
[2020-12-24 00:48:30] info: Launching map "E:/codename-askellon/dist/askellon-sector.w3x"...
[2020-12-24 00:50:26] info: Transpiling TypeScript to Lua...
[2020-12-24 00:50:50] info: Building "askellon-sector.w3x"...
[2020-12-24 00:50:51] info: Launching map "E:/codename-askellon/dist/askellon-sector.w3x"...
[2020-12-24 00:54:19] info: Transpiling TypeScript to Lua...
[2020-12-24 00:54:41] info: Building "askellon-sector.w3x"...
[2020-12-24 00:54:41] info: Launching map "E:/codename-askellon/dist/askellon-sector.w3x"...
[2020-12-24 00:58:42] info: Transpiling TypeScript to Lua...
[2020-12-24 00:59:05] info: Building "askellon-sector.w3x"...
[2020-12-24 00:59:06] info: Launching map "E:/codename-askellon/dist/askellon-sector.w3x"...
[2020-12-24 01:52:02] info: Transpiling TypeScript to Lua...
[2020-12-24 01:52:24] info: Building "askellon-sector.w3x"...
[2020-12-24 01:52:25] info: Launching map "E:/codename-askellon/dist/askellon-sector.w3x"...
[2020-12-24 01:59:18] info: Transpiling TypeScript to Lua...
[2020-12-24 01:59:41] info: Building "askellon-sector.w3x"...
[2020-12-24 01:59:41] info: Launching map "E:/codename-askellon/dist/askellon-sector.w3x"...
[2020-12-24 02:52:00] info: Transpiling TypeScript to Lua...
[2020-12-24 02:52:24] info: Building "askellon-sector.w3x"...
[2020-12-24 02:52:24] info: Launching map "E:/codename-askellon/dist/askellon-sector.w3x"...
[2020-12-24 02:53:16] info: Transpiling TypeScript to Lua...
[2020-12-24 02:53:38] info: Building "askellon-sector.w3x"...
[2020-12-24 02:53:39] info: Launching map "E:/codename-askellon/dist/askellon-sector.w3x"...
[2020-12-25 01:19:08] info: Transpiling TypeScript to Lua...
[2020-12-25 01:19:43] info: Building "askellon-sector.w3x"...
[2020-12-25 01:20:00] info: Launching map "E:/codename-askellon/dist/askellon-sector.w3x"...
[2020-12-25 01:23:42] info: Transpiling TypeScript to Lua...
[2020-12-25 01:24:03] info: Building "askellon-sector.w3x"...
[2020-12-25 01:24:04] info: Launching map "E:/codename-askellon/dist/askellon-sector.w3x"...
[2020-12-28 02:08:35] info: Transpiling TypeScript to Lua...
[2020-12-28 02:09:02] info: Building "askellon-sector.w3x"...
[2020-12-28 02:09:09] info: Launching map "E:/codename-askellon/dist/askellon-sector.w3x"...
[2020-12-28 02:11:37] info: Transpiling TypeScript to Lua...
[2020-12-28 02:11:58] info: Building "askellon-sector.w3x"...
[2020-12-28 02:11:58] info: Launching map "E:/codename-askellon/dist/askellon-sector.w3x"...
[2020-12-28 02:13:56] info: Transpiling TypeScript to Lua...
[2020-12-28 02:14:17] info: Building "askellon-sector.w3x"...
[2020-12-28 02:14:18] info: Launching map "E:/codename-askellon/dist/askellon-sector.w3x"...
[2020-12-28 02:15:49] info: Transpiling TypeScript to Lua...
[2020-12-28 02:16:10] info: Building "askellon-sector.w3x"...
[2020-12-28 02:16:10] info: Launching map "E:/codename-askellon/dist/askellon-sector.w3x"...
[2020-12-28 02:22:15] info: Transpiling TypeScript to Lua...
[2020-12-28 02:22:37] info: Building "askellon-sector.w3x"...
[2020-12-28 02:22:38] info: Launching map "E:/codename-askellon/dist/askellon-sector.w3x"...
[2020-12-28 02:26:24] info: Transpiling TypeScript to Lua...
[2020-12-28 02:26:46] info: Building "askellon-sector.w3x"...
[2020-12-28 02:26:47] info: Launching map "E:/codename-askellon/dist/askellon-sector.w3x"...
[2020-12-28 02:27:26] info: Transpiling TypeScript to Lua...
[2020-12-28 02:27:47] info: Building "askellon-sector.w3x"...
[2020-12-28 02:27:48] info: Launching map "E:/codename-askellon/dist/askellon-sector.w3x"...
[2020-12-28 02:29:25] info: Transpiling TypeScript to Lua...
[2020-12-28 02:29:47] info: Building "askellon-sector.w3x"...
[2020-12-28 02:29:48] info: Launching map "E:/codename-askellon/dist/askellon-sector.w3x"...
[2020-12-28 03:03:32] info: Transpiling TypeScript to Lua...
[2020-12-28 03:03:53] info: Building "askellon-sector.w3x"...
[2020-12-28 03:03:54] info: Launching map "E:/codename-askellon/dist/askellon-sector.w3x"...
[2020-12-28 03:06:30] info: Transpiling TypeScript to Lua...
[2020-12-28 03:06:52] info: Building "askellon-sector.w3x"...
[2020-12-28 03:06:53] info: Launching map "E:/codename-askellon/dist/askellon-sector.w3x"...
[2020-12-28 05:06:26] info: Transpiling TypeScript to Lua...
[2020-12-28 05:06:50] info: Building "askellon-sector.w3x"...
[2020-12-28 05:06:51] info: Launching map "E:/codename-askellon/dist/askellon-sector.w3x"...
[2020-12-28 05:07:42] info: Transpiling TypeScript to Lua...
[2020-12-28 05:08:05] info: Building "askellon-sector.w3x"...
[2020-12-28 05:08:08] info: Launching map "E:/codename-askellon/dist/askellon-sector.w3x"...
[2020-12-28 05:09:31] info: Transpiling TypeScript to Lua...
[2020-12-28 05:09:55] info: Building "askellon-sector.w3x"...
[2020-12-28 05:09:56] info: Launching map "E:/codename-askellon/dist/askellon-sector.w3x"...
[2020-12-28 05:11:00] info: Transpiling TypeScript to Lua...
[2020-12-28 05:11:24] info: Building "askellon-sector.w3x"...
[2020-12-28 05:11:25] info: Launching map "E:/codename-askellon/dist/askellon-sector.w3x"...
[2020-12-28 05:13:37] info: Transpiling TypeScript to Lua...
[2020-12-28 05:14:00] info: Building "askellon-sector.w3x"...
[2020-12-28 05:14:01] info: Launching map "E:/codename-askellon/dist/askellon-sector.w3x"...
[2020-12-28 05:59:32] info: Transpiling TypeScript to Lua...
[2020-12-28 05:59:53] info: Building "askellon-sector.w3x"...
[2020-12-28 05:59:54] info: Launching map "E:/codename-askellon/dist/askellon-sector.w3x"...
[2020-12-28 06:08:58] info: Transpiling TypeScript to Lua...
[2020-12-28 06:09:24] info: Building "askellon-sector.w3x"...
[2020-12-28 06:09:24] info: Launching map "E:/codename-askellon/dist/askellon-sector.w3x"...
[2020-12-28 06:10:04] info: Transpiling TypeScript to Lua...
[2020-12-28 06:10:26] info: Building "askellon-sector.w3x"...
[2020-12-28 06:10:26] info: Launching map "E:/codename-askellon/dist/askellon-sector.w3x"...
[2020-12-28 06:15:26] info: Transpiling TypeScript to Lua...
[2020-12-28 06:15:48] info: Building "askellon-sector.w3x"...
[2020-12-28 06:15:48] info: Creating w3x archive...
[2020-12-28 06:29:17] info: Transpiling TypeScript to Lua...
[2020-12-28 06:30:10] info: Building "askellon-sector.w3x"...
[2020-12-28 06:30:12] info: Launching map "E:/codename-askellon/dist/askellon-sector.w3x"...
[2020-12-28 06:32:52] info: Transpiling TypeScript to Lua...
[2020-12-28 06:33:14] info: Building "askellon-sector.w3x"...
[2020-12-28 06:33:14] info: Launching map "E:/codename-askellon/dist/askellon-sector.w3x"...
[2020-12-28 06:35:05] info: Transpiling TypeScript to Lua...
[2020-12-28 06:35:27] info: Building "askellon-sector.w3x"...
[2020-12-28 06:35:27] info: Launching map "E:/codename-askellon/dist/askellon-sector.w3x"...
[2020-12-28 06:55:41] info: Transpiling TypeScript to Lua...
[2020-12-28 06:56:03] info: Building "askellon-sector.w3x"...
[2020-12-28 06:56:04] info: Launching map "E:/codename-askellon/dist/askellon-sector.w3x"...
[2020-12-28 07:21:08] info: Transpiling TypeScript to Lua...
[2020-12-28 07:21:29] info: Building "askellon-sector.w3x"...
[2020-12-28 07:21:30] info: Launching map "E:/codename-askellon/dist/askellon-sector.w3x"...
[2020-12-28 09:27:44] info: Transpiling TypeScript to Lua...
[2020-12-28 09:28:06] info: Building "askellon-sector.w3x"...
[2020-12-28 09:28:07] info: Launching map "E:/codename-askellon/dist/askellon-sector.w3x"...
[2020-12-28 09:33:18] info: Transpiling TypeScript to Lua...
[2020-12-28 09:33:39] info: Building "askellon-sector.w3x"...
[2020-12-28 09:33:39] info: Launching map "E:/codename-askellon/dist/askellon-sector.w3x"...
[2020-12-28 09:37:49] info: Transpiling TypeScript to Lua...
[2020-12-28 09:38:12] info: Building "askellon-sector.w3x"...
[2020-12-28 09:38:12] info: Creating w3x archive...
[2020-12-28 10:01:22] info: Transpiling TypeScript to Lua...
[2020-12-28 10:01:45] info: Building "askellon-sector.w3x"...
[2020-12-28 10:01:45] info: Creating w3x archive...
[2020-12-29 00:15:23] info: Transpiling TypeScript to Lua...
[2020-12-29 00:15:51] info: Building "askellon-sector.w3x"...
[2020-12-29 00:15:52] info: Launching map "E:/codename-askellon/dist/askellon-sector.w3x"...
[2020-12-29 00:46:28] info: Transpiling TypeScript to Lua...
[2020-12-29 00:46:49] info: Building "askellon-sector.w3x"...
[2020-12-29 00:46:50] info: Launching map "E:/codename-askellon/dist/askellon-sector.w3x"...
[2020-12-29 00:48:14] info: Transpiling TypeScript to Lua...
[2020-12-29 00:48:36] info: Building "askellon-sector.w3x"...
[2020-12-29 00:48:37] info: Launching map "E:/codename-askellon/dist/askellon-sector.w3x"...
[2020-12-29 00:51:57] info: Transpiling TypeScript to Lua...
[2020-12-29 00:52:19] info: Building "askellon-sector.w3x"...
[2020-12-29 00:52:20] info: Launching map "E:/codename-askellon/dist/askellon-sector.w3x"...
[2020-12-29 00:54:34] info: Transpiling TypeScript to Lua...
[2020-12-29 00:54:56] info: Building "askellon-sector.w3x"...
[2020-12-29 00:54:56] info: Creating w3x archive...
[2020-12-29 02:20:15] info: Transpiling TypeScript to Lua...
[2020-12-29 02:20:38] info: Building "askellon-sector.w3x"...
[2020-12-29 02:20:39] info: Creating w3x archive...
[2020-12-29 02:23:26] info: Transpiling TypeScript to Lua...
[2020-12-29 02:23:48] info: Building "askellon-sector.w3x"...
[2020-12-29 02:23:49] info: Creating w3x archive...
[2020-12-29 03:42:19] info: Transpiling TypeScript to Lua...
[2020-12-29 03:42:44] info: Building "askellon-sector.w3x"...
[2020-12-29 03:42:45] info: Launching map "E:/codename-askellon/dist/askellon-sector.w3x"...
[2020-12-29 05:47:40] info: Transpiling TypeScript to Lua...
[2020-12-29 05:48:02] info: Building "askellon-sector.w3x"...
[2020-12-29 05:48:02] info: Creating w3x archive...
[2020-12-29 06:47:19] info: Transpiling TypeScript to Lua...
[2020-12-29 06:47:42] info: Building "askellon-sector.w3x"...
[2020-12-29 06:47:42] info: Launching map "E:/codename-askellon/dist/askellon-sector.w3x"...
[2020-12-29 06:48:29] info: Transpiling TypeScript to Lua...
[2020-12-29 06:48:51] info: Building "askellon-sector.w3x"...
[2020-12-29 06:48:52] info: Launching map "E:/codename-askellon/dist/askellon-sector.w3x"...
[2020-12-29 06:50:18] info: Transpiling TypeScript to Lua...
[2020-12-29 06:50:40] info: Building "askellon-sector.w3x"...
[2020-12-29 06:50:41] info: Launching map "E:/codename-askellon/dist/askellon-sector.w3x"...
[2020-12-29 06:52:44] info: Transpiling TypeScript to Lua...
[2020-12-29 06:53:05] info: Building "askellon-sector.w3x"...
[2020-12-29 06:53:06] info: Launching map "E:/codename-askellon/dist/askellon-sector.w3x"...
[2020-12-29 06:55:17] info: Transpiling TypeScript to Lua...
[2020-12-29 06:55:38] info: Building "askellon-sector.w3x"...
[2020-12-29 06:55:39] info: Creating w3x archive...
[2020-12-29 06:56:24] info: Transpiling TypeScript to Lua...
[2020-12-29 06:56:47] info: Building "askellon-sector.w3x"...
[2020-12-29 06:56:47] info: Creating w3x archive...
[2020-12-29 07:38:45] info: Transpiling TypeScript to Lua...
[2020-12-29 07:39:10] info: Building "askellon-sector.w3x"...
[2020-12-29 07:39:10] info: Launching map "E:/codename-askellon/dist/askellon-sector.w3x"...
[2020-12-29 08:40:18] info: Transpiling TypeScript to Lua...
[2020-12-29 08:40:45] info: Building "askellon-sector.w3x"...
[2020-12-29 08:40:46] info: Launching map "E:/codename-askellon/dist/askellon-sector.w3x"...
[2020-12-29 08:44:17] info: Transpiling TypeScript to Lua...
[2020-12-29 08:44:40] info: Building "askellon-sector.w3x"...
[2020-12-29 08:44:40] info: Launching map "E:/codename-askellon/dist/askellon-sector.w3x"...
[2020-12-29 08:51:48] info: Transpiling TypeScript to Lua...
[2020-12-29 08:52:18] info: Building "askellon-sector.w3x"...
[2020-12-29 08:52:19] info: Launching map "E:/codename-askellon/dist/askellon-sector.w3x"...
[2020-12-29 09:07:41] info: Transpiling TypeScript to Lua...
[2020-12-29 09:08:11] info: Building "askellon-sector.w3x"...
[2020-12-29 09:08:12] info: Launching map "E:/codename-askellon/dist/askellon-sector.w3x"...
[2020-12-29 09:10:55] info: Transpiling TypeScript to Lua...
[2020-12-29 09:11:21] info: Building "askellon-sector.w3x"...
[2020-12-29 09:11:22] info: Launching map "E:/codename-askellon/dist/askellon-sector.w3x"...
[2020-12-29 09:21:47] info: Transpiling TypeScript to Lua...
[2020-12-29 09:22:15] info: Building "askellon-sector.w3x"...
[2020-12-29 09:22:15] info: Launching map "E:/codename-askellon/dist/askellon-sector.w3x"...
[2020-12-29 09:26:05] info: Transpiling TypeScript to Lua...
[2020-12-29 09:26:30] info: Building "askellon-sector.w3x"...
[2020-12-29 09:26:31] info: Launching map "E:/codename-askellon/dist/askellon-sector.w3x"...
[2020-12-29 09:30:03] info: Transpiling TypeScript to Lua...
[2020-12-29 09:30:28] info: Building "askellon-sector.w3x"...
[2020-12-29 09:30:28] info: Launching map "E:/codename-askellon/dist/askellon-sector.w3x"...
[2020-12-29 09:34:04] info: Transpiling TypeScript to Lua...
[2020-12-29 09:34:31] info: Building "askellon-sector.w3x"...
[2020-12-29 09:34:31] info: Launching map "E:/codename-askellon/dist/askellon-sector.w3x"...
[2020-12-29 09:41:06] info: Transpiling TypeScript to Lua...
[2020-12-29 09:41:34] info: Building "askellon-sector.w3x"...
[2020-12-29 09:41:35] info: Launching map "E:/codename-askellon/dist/askellon-sector.w3x"...
[2020-12-29 09:44:50] info: Transpiling TypeScript to Lua...
[2020-12-29 09:45:17] info: Building "askellon-sector.w3x"...
[2020-12-29 09:45:17] info: Launching map "E:/codename-askellon/dist/askellon-sector.w3x"...
[2020-12-29 09:46:08] info: Transpiling TypeScript to Lua...
[2020-12-29 09:46:33] info: Building "askellon-sector.w3x"...
[2020-12-29 09:46:34] info: Launching map "E:/codename-askellon/dist/askellon-sector.w3x"...
[2020-12-29 10:03:47] info: Transpiling TypeScript to Lua...
[2020-12-29 10:04:10] info: Building "askellon-sector.w3x"...
[2020-12-29 10:04:10] info: Launching map "E:/codename-askellon/dist/askellon-sector.w3x"...
[2020-12-29 10:06:55] info: Transpiling TypeScript to Lua...
[2020-12-29 10:07:17] info: Building "askellon-sector.w3x"...
[2020-12-29 10:07:18] info: Launching map "E:/codename-askellon/dist/askellon-sector.w3x"...
[2020-12-29 10:08:57] info: Transpiling TypeScript to Lua...
[2020-12-29 10:09:18] info: Building "askellon-sector.w3x"...
[2020-12-29 10:09:19] info: Launching map "E:/codename-askellon/dist/askellon-sector.w3x"...
[2020-12-29 10:11:02] info: Transpiling TypeScript to Lua...
[2020-12-29 10:11:23] info: Building "askellon-sector.w3x"...
[2020-12-29 10:11:24] info: Launching map "E:/codename-askellon/dist/askellon-sector.w3x"...
[2020-12-29 10:14:42] info: Transpiling TypeScript to Lua...
[2020-12-29 10:15:03] info: Building "askellon-sector.w3x"...
[2020-12-29 10:15:04] info: Launching map "E:/codename-askellon/dist/askellon-sector.w3x"...
[2020-12-29 10:17:18] info: Transpiling TypeScript to Lua...
[2020-12-29 10:17:39] info: Building "askellon-sector.w3x"...
[2020-12-29 10:17:40] info: Launching map "E:/codename-askellon/dist/askellon-sector.w3x"...
[2020-12-29 10:21:34] info: Transpiling TypeScript to Lua...
[2020-12-29 10:21:56] info: Building "askellon-sector.w3x"...
[2020-12-29 10:21:56] info: Launching map "E:/codename-askellon/dist/askellon-sector.w3x"...
[2020-12-29 10:27:37] info: Transpiling TypeScript to Lua...
[2020-12-29 10:27:58] info: Building "askellon-sector.w3x"...
[2020-12-29 10:27:59] info: Launching map "E:/codename-askellon/dist/askellon-sector.w3x"...
[2020-12-29 10:32:35] info: Transpiling TypeScript to Lua...
[2020-12-29 10:32:57] info: Building "askellon-sector.w3x"...
[2020-12-29 10:32:58] info: Creating w3x archive...
[2020-12-29 14:00:05] info: Transpiling TypeScript to Lua...
[2020-12-29 14:00:27] info: Building "askellon-sector.w3x"...
[2020-12-29 14:00:31] info: Launching map "E:/codename-askellon/dist/askellon-sector.w3x"...
[2020-12-29 14:03:38] info: Transpiling TypeScript to Lua...
[2020-12-29 14:04:00] info: Building "askellon-sector.w3x"...
[2020-12-29 14:04:01] info: Launching map "E:/codename-askellon/dist/askellon-sector.w3x"...
[2020-12-29 14:06:14] info: Transpiling TypeScript to Lua...
[2020-12-29 14:06:35] info: Building "askellon-sector.w3x"...
[2020-12-29 14:06:36] info: Launching map "E:/codename-askellon/dist/askellon-sector.w3x"...
[2020-12-29 14:10:12] info: Transpiling TypeScript to Lua...
[2020-12-29 14:10:33] info: Building "askellon-sector.w3x"...
[2020-12-29 14:10:33] info: Launching map "E:/codename-askellon/dist/askellon-sector.w3x"...
[2020-12-29 14:12:52] info: Transpiling TypeScript to Lua...
[2020-12-29 14:13:14] info: Building "askellon-sector.w3x"...
[2020-12-29 14:13:15] info: Launching map "E:/codename-askellon/dist/askellon-sector.w3x"...
[2020-12-29 14:14:57] info: Transpiling TypeScript to Lua...
[2020-12-29 14:15:19] info: Building "askellon-sector.w3x"...
[2020-12-29 14:15:19] info: Launching map "E:/codename-askellon/dist/askellon-sector.w3x"...
[2020-12-29 14:18:09] info: Transpiling TypeScript to Lua...
[2020-12-29 14:18:30] info: Building "askellon-sector.w3x"...
[2020-12-29 14:18:31] info: Launching map "E:/codename-askellon/dist/askellon-sector.w3x"...
[2020-12-29 14:19:53] info: Transpiling TypeScript to Lua...
[2020-12-29 14:20:15] info: Building "askellon-sector.w3x"...
[2020-12-29 14:20:15] info: Launching map "E:/codename-askellon/dist/askellon-sector.w3x"...
[2020-12-29 14:22:56] info: Transpiling TypeScript to Lua...
[2020-12-29 14:23:17] info: Building "askellon-sector.w3x"...
[2020-12-29 14:23:18] info: Launching map "E:/codename-askellon/dist/askellon-sector.w3x"...
[2020-12-29 23:34:14] info: Transpiling TypeScript to Lua...
[2020-12-29 23:34:35] info: Building "askellon-sector.w3x"...
[2020-12-29 23:34:46] info: Launching map "E:/codename-askellon/dist/askellon-sector.w3x"...
[2020-12-29 23:38:06] info: Transpiling TypeScript to Lua...
[2020-12-29 23:38:27] info: Building "askellon-sector.w3x"...
[2020-12-29 23:38:28] info: Launching map "E:/codename-askellon/dist/askellon-sector.w3x"...
[2020-12-29 23:41:05] info: Transpiling TypeScript to Lua...
[2020-12-29 23:41:27] info: Building "askellon-sector.w3x"...
[2020-12-29 23:41:27] info: Launching map "E:/codename-askellon/dist/askellon-sector.w3x"...
[2020-12-29 23:47:02] info: Transpiling TypeScript to Lua...
[2020-12-29 23:47:24] info: Building "askellon-sector.w3x"...
[2020-12-29 23:47:25] info: Launching map "E:/codename-askellon/dist/askellon-sector.w3x"...
[2020-12-29 23:49:22] info: Transpiling TypeScript to Lua...
[2020-12-29 23:49:44] info: Building "askellon-sector.w3x"...
[2020-12-29 23:49:45] info: Launching map "E:/codename-askellon/dist/askellon-sector.w3x"...
[2020-12-29 23:52:09] info: Transpiling TypeScript to Lua...
[2020-12-29 23:52:30] info: Building "askellon-sector.w3x"...
[2020-12-29 23:52:31] info: Launching map "E:/codename-askellon/dist/askellon-sector.w3x"...
[2020-12-29 23:53:54] info: Transpiling TypeScript to Lua...
[2020-12-29 23:54:17] info: Building "askellon-sector.w3x"...
[2020-12-29 23:54:17] info: Creating w3x archive...
[2020-12-30 00:53:14] info: Transpiling TypeScript to Lua...
[2020-12-30 00:53:39] info: Building "askellon-sector.w3x"...
[2020-12-30 00:53:41] info: Launching map "E:/codename-askellon/dist/askellon-sector.w3x"...
[2020-12-30 00:54:48] info: Transpiling TypeScript to Lua...
[2020-12-30 00:55:12] info: Building "askellon-sector.w3x"...
[2020-12-30 00:55:13] info: Launching map "E:/codename-askellon/dist/askellon-sector.w3x"...
[2020-12-30 00:58:53] info: Transpiling TypeScript to Lua...
[2020-12-30 00:59:17] info: Building "askellon-sector.w3x"...
[2020-12-30 00:59:18] info: Launching map "E:/codename-askellon/dist/askellon-sector.w3x"...
[2020-12-30 01:00:35] info: Transpiling TypeScript to Lua...
[2020-12-30 01:00:59] info: Building "askellon-sector.w3x"...
[2020-12-30 01:00:59] info: Launching map "E:/codename-askellon/dist/askellon-sector.w3x"...
[2020-12-30 01:02:54] info: Transpiling TypeScript to Lua...
[2020-12-30 01:03:17] info: Building "askellon-sector.w3x"...
[2020-12-30 01:03:18] info: Launching map "E:/codename-askellon/dist/askellon-sector.w3x"...
[2020-12-30 01:05:22] info: Transpiling TypeScript to Lua...
[2020-12-30 01:05:45] info: Building "askellon-sector.w3x"...
[2020-12-30 01:05:46] info: Creating w3x archive...
[2020-12-30 06:20:28] info: Transpiling TypeScript to Lua...
[2020-12-30 06:20:56] info: Building "askellon-sector.w3x"...
[2020-12-30 06:20:57] info: Launching map "E:/codename-askellon/dist/askellon-sector.w3x"...
[2020-12-30 06:23:56] info: Transpiling TypeScript to Lua...
[2020-12-30 06:24:20] info: Building "askellon-sector.w3x"...
[2020-12-30 06:24:21] info: Launching map "E:/codename-askellon/dist/askellon-sector.w3x"...
[2020-12-30 06:27:16] info: Transpiling TypeScript to Lua...
[2020-12-30 06:27:41] info: Building "askellon-sector.w3x"...
[2020-12-30 06:27:42] info: Launching map "E:/codename-askellon/dist/askellon-sector.w3x"...
[2020-12-30 06:30:48] info: Transpiling TypeScript to Lua...
[2020-12-30 06:31:13] info: Building "askellon-sector.w3x"...
[2020-12-30 06:31:13] info: Launching map "E:/codename-askellon/dist/askellon-sector.w3x"...
[2020-12-30 07:18:47] info: Transpiling TypeScript to Lua...
[2020-12-30 07:19:12] info: Building "askellon-sector.w3x"...
[2020-12-30 07:19:27] info: Launching map "E:/codename-askellon/dist/askellon-sector.w3x"...
[2020-12-30 10:14:59] info: Transpiling TypeScript to Lua...
[2020-12-30 10:15:22] info: Building "askellon-sector.w3x"...
[2020-12-30 10:15:22] info: Launching map "E:/codename-askellon/dist/askellon-sector.w3x"...
[2020-12-30 10:17:53] info: Transpiling TypeScript to Lua...
[2020-12-30 10:18:15] info: Building "askellon-sector.w3x"...
[2020-12-30 10:18:15] info: Launching map "E:/codename-askellon/dist/askellon-sector.w3x"...
[2020-12-30 10:20:27] info: Transpiling TypeScript to Lua...
[2020-12-30 10:20:49] info: Building "askellon-sector.w3x"...
[2020-12-30 10:20:50] info: Launching map "E:/codename-askellon/dist/askellon-sector.w3x"...
[2020-12-30 10:24:53] info: Transpiling TypeScript to Lua...
[2020-12-30 10:25:14] info: Building "askellon-sector.w3x"...
[2020-12-30 10:25:15] info: Creating w3x archive...
[2020-12-30 10:26:48] info: Transpiling TypeScript to Lua...
[2020-12-30 10:27:10] info: Building "askellon-sector.w3x"...
[2020-12-30 10:27:11] info: Creating w3x archive...
[2020-12-30 10:34:38] info: Transpiling TypeScript to Lua...
[2020-12-30 10:35:05] info: Building "askellon-sector.w3x"...
[2020-12-30 10:35:05] info: Creating w3x archive...
[2020-12-30 10:40:31] info: Transpiling TypeScript to Lua...
[2020-12-30 10:40:57] info: Building "askellon-sector.w3x"...
[2020-12-30 10:40:58] info: Creating w3x archive...
[2020-12-30 10:47:18] info: Transpiling TypeScript to Lua...
[2020-12-30 10:47:40] info: Building "askellon-sector.w3x"...
[2020-12-30 10:47:41] info: Creating w3x archive...
[2020-12-31 23:45:37] info: Transpiling TypeScript to Lua...
[2020-12-31 23:46:04] info: Building "askellon-sector.w3x"...
[2020-12-31 23:46:05] info: Launching map "E:/codename-askellon/dist/askellon-sector.w3x"...
[2021-01-01 21:45:47] info: Transpiling TypeScript to Lua...
[2021-01-01 21:46:15] info: Building "askellon-sector.w3x"...
[2021-01-01 21:46:17] info: Launching map "E:/codename-askellon/dist/askellon-sector.w3x"...
[2021-01-01 21:56:30] info: Transpiling TypeScript to Lua...
[2021-01-01 21:56:52] info: Building "askellon-sector.w3x"...
[2021-01-01 21:56:53] info: Launching map "E:/codename-askellon/dist/askellon-sector.w3x"...
[2021-01-02 00:22:44] info: Transpiling TypeScript to Lua...
[2021-01-02 00:23:13] info: Building "askellon-sector.w3x"...
[2021-01-02 00:23:14] info: Launching map "E:/codename-askellon/dist/askellon-sector.w3x"...
[2021-01-02 00:36:57] info: Transpiling TypeScript to Lua...
[2021-01-02 00:37:22] info: Building "askellon-sector.w3x"...
[2021-01-02 00:37:23] info: Launching map "E:/codename-askellon/dist/askellon-sector.w3x"...
[2021-01-02 00:46:46] info: Transpiling TypeScript to Lua...
[2021-01-02 00:47:13] info: Building "askellon-sector.w3x"...
[2021-01-02 00:47:14] info: Launching map "E:/codename-askellon/dist/askellon-sector.w3x"...
[2021-01-02 00:58:55] info: Transpiling TypeScript to Lua...
[2021-01-02 00:59:22] info: Building "askellon-sector.w3x"...
[2021-01-02 00:59:23] info: Launching map "E:/codename-askellon/dist/askellon-sector.w3x"...
[2021-01-02 01:07:02] info: Transpiling TypeScript to Lua...
[2021-01-02 01:07:30] info: Building "askellon-sector.w3x"...
[2021-01-02 01:07:31] info: Launching map "E:/codename-askellon/dist/askellon-sector.w3x"...
[2021-01-02 09:29:37] info: Transpiling TypeScript to Lua...
[2021-01-02 09:30:03] info: Building "askellon-sector.w3x"...
[2021-01-02 09:30:04] info: Launching map "E:/codename-askellon/dist/askellon-sector.w3x"...
[2021-01-02 09:38:31] info: Transpiling TypeScript to Lua...
[2021-01-02 09:38:53] info: Building "askellon-sector.w3x"...
[2021-01-02 09:38:54] info: Launching map "E:/codename-askellon/dist/askellon-sector.w3x"...
[2021-01-04 01:57:42] info: Transpiling TypeScript to Lua...
[2021-01-04 01:58:09] info: Building "askellon-sector.w3x"...
[2021-01-04 01:58:12] info: Launching map "E:/codename-askellon/dist/askellon-sector.w3x"...
[2021-01-04 02:03:21] info: Transpiling TypeScript to Lua...
[2021-01-04 02:03:42] info: Building "askellon-sector.w3x"...
[2021-01-04 02:03:43] info: Launching map "E:/codename-askellon/dist/askellon-sector.w3x"...
[2021-01-04 02:15:37] info: Transpiling TypeScript to Lua...
[2021-01-04 02:15:59] info: Building "askellon-sector.w3x"...
[2021-01-04 02:16:00] info: Launching map "E:/codename-askellon/dist/askellon-sector.w3x"...
[2021-01-04 02:19:38] info: Transpiling TypeScript to Lua...
[2021-01-04 02:19:59] info: Building "askellon-sector.w3x"...
[2021-01-04 02:20:00] info: Launching map "E:/codename-askellon/dist/askellon-sector.w3x"...
[2021-01-04 02:22:56] info: Transpiling TypeScript to Lua...
[2021-01-04 02:23:17] info: Building "askellon-sector.w3x"...
[2021-01-04 02:23:18] info: Launching map "E:/codename-askellon/dist/askellon-sector.w3x"...
[2021-01-04 02:24:56] info: Transpiling TypeScript to Lua...
[2021-01-04 02:25:18] info: Building "askellon-sector.w3x"...
[2021-01-04 02:25:19] info: Launching map "E:/codename-askellon/dist/askellon-sector.w3x"...
[2021-01-04 02:27:37] info: Transpiling TypeScript to Lua...
[2021-01-04 02:27:59] info: Building "askellon-sector.w3x"...
[2021-01-04 02:27:59] info: Launching map "E:/codename-askellon/dist/askellon-sector.w3x"...
[2021-01-04 02:29:39] info: Transpiling TypeScript to Lua...
[2021-01-04 02:30:01] info: Building "askellon-sector.w3x"...
[2021-01-04 02:30:01] info: Launching map "E:/codename-askellon/dist/askellon-sector.w3x"...
[2021-01-04 02:31:44] info: Transpiling TypeScript to Lua...
[2021-01-04 02:32:06] info: Building "askellon-sector.w3x"...
[2021-01-04 02:32:07] info: Creating w3x archive...
[2021-01-04 03:37:40] info: Transpiling TypeScript to Lua...
[2021-01-04 03:38:02] info: Building "askellon-sector.w3x"...
[2021-01-04 03:38:02] info: Launching map "E:/codename-askellon/dist/askellon-sector.w3x"...
[2021-01-04 03:42:02] info: Transpiling TypeScript to Lua...
[2021-01-04 03:42:24] info: Building "askellon-sector.w3x"...
[2021-01-04 03:42:27] info: Launching map "E:/codename-askellon/dist/askellon-sector.w3x"...
[2021-01-04 03:44:33] info: Transpiling TypeScript to Lua...
[2021-01-04 03:44:54] info: Building "askellon-sector.w3x"...
[2021-01-04 03:44:54] info: Launching map "E:/codename-askellon/dist/askellon-sector.w3x"...
[2021-01-04 03:45:19] info: Transpiling TypeScript to Lua...
[2021-01-04 03:45:40] info: Building "askellon-sector.w3x"...
[2021-01-04 03:45:41] info: Launching map "E:/codename-askellon/dist/askellon-sector.w3x"...
[2021-01-04 03:45:48] info: Transpiling TypeScript to Lua...
[2021-01-04 03:46:10] info: Building "askellon-sector.w3x"...
[2021-01-04 03:46:11] info: Launching map "E:/codename-askellon/dist/askellon-sector.w3x"...
[2021-01-04 03:48:47] info: Transpiling TypeScript to Lua...
[2021-01-04 03:49:09] info: Building "askellon-sector.w3x"...
[2021-01-04 03:49:10] info: Launching map "E:/codename-askellon/dist/askellon-sector.w3x"...
[2021-01-04 03:52:30] info: Transpiling TypeScript to Lua...
[2021-01-04 03:52:51] info: Building "askellon-sector.w3x"...
[2021-01-04 03:52:52] info: Launching map "E:/codename-askellon/dist/askellon-sector.w3x"...
[2021-01-04 04:03:19] info: Transpiling TypeScript to Lua...
[2021-01-04 04:03:41] info: Building "askellon-sector.w3x"...
[2021-01-04 04:03:42] info: Launching map "E:/codename-askellon/dist/askellon-sector.w3x"...
[2021-01-04 04:07:54] info: Transpiling TypeScript to Lua...
[2021-01-04 04:08:16] info: Building "askellon-sector.w3x"...
[2021-01-04 04:08:17] info: Launching map "E:/codename-askellon/dist/askellon-sector.w3x"...
[2021-01-04 04:17:27] info: Transpiling TypeScript to Lua...
[2021-01-04 04:17:50] info: Building "askellon-sector.w3x"...
[2021-01-04 04:17:50] info: Creating w3x archive...
[2021-01-04 05:29:03] info: Transpiling TypeScript to Lua...
[2021-01-04 05:29:25] info: Building "askellon-sector.w3x"...
[2021-01-04 05:29:26] info: Creating w3x archive...
[2021-01-04 07:25:24] info: Transpiling TypeScript to Lua...
[2021-01-04 07:25:48] info: Building "askellon-sector.w3x"...
[2021-01-04 07:25:49] info: Creating w3x archive...
[2021-01-04 09:32:23] info: Transpiling TypeScript to Lua...
[2021-01-04 09:32:48] info: Building "askellon-sector.w3x"...
[2021-01-04 09:32:48] info: Creating w3x archive...
[2021-01-04 11:57:20] info: Transpiling TypeScript to Lua...
[2021-01-04 11:57:42] info: Building "askellon-sector.w3x"...
[2021-01-04 11:57:43] info: Creating w3x archive...
[2021-01-04 12:01:20] info: Transpiling TypeScript to Lua...
[2021-01-04 12:01:43] info: Building "askellon-sector.w3x"...
[2021-01-04 12:01:44] info: Creating w3x archive...
[2021-01-05 02:36:05] info: Transpiling TypeScript to Lua...
[2021-01-05 02:36:31] info: Building "askellon-sector.w3x"...
[2021-01-05 02:36:32] info: Creating w3x archive...
[2021-01-05 02:54:03] info: Transpiling TypeScript to Lua...
[2021-01-05 02:54:26] info: Building "askellon-sector.w3x"...
[2021-01-05 02:54:27] info: Launching map "E:/codename-askellon/dist/askellon-sector.w3x"...
[2021-01-05 06:06:30] info: Transpiling TypeScript to Lua...
[2021-01-05 06:06:52] info: Building "askellon-sector.w3x"...
[2021-01-05 06:06:53] info: Creating w3x archive...
[2021-01-05 06:12:45] info: Transpiling TypeScript to Lua...
[2021-01-05 06:13:07] info: Building "askellon-sector.w3x"...
[2021-01-05 06:13:08] info: Creating w3x archive...
[2021-01-05 06:15:03] info: Transpiling TypeScript to Lua...
[2021-01-05 06:15:25] info: Building "askellon-sector.w3x"...
[2021-01-05 06:15:26] info: Creating w3x archive...
[2021-01-05 23:08:12] info: Transpiling TypeScript to Lua...
[2021-01-05 23:08:50] info: Building "askellon-sector.w3x"...
[2021-01-05 23:08:53] info: Launching map "E:/codename-askellon/dist/askellon-sector.w3x"...
[2021-01-05 23:43:47] info: Transpiling TypeScript to Lua...
[2021-01-05 23:44:11] info: Building "askellon-sector.w3x"...
[2021-01-05 23:44:12] info: Launching map "E:/codename-askellon/dist/askellon-sector.w3x"...
[2021-01-05 23:51:44] info: Transpiling TypeScript to Lua...
[2021-01-05 23:52:08] info: Building "askellon-sector.w3x"...
[2021-01-05 23:52:09] info: Launching map "E:/codename-askellon/dist/askellon-sector.w3x"...
[2021-01-05 23:54:50] info: Transpiling TypeScript to Lua...
[2021-01-05 23:55:13] info: Building "askellon-sector.w3x"...
[2021-01-05 23:55:14] info: Launching map "E:/codename-askellon/dist/askellon-sector.w3x"...
[2021-01-05 23:58:46] info: Transpiling TypeScript to Lua...
[2021-01-05 23:59:10] info: Building "askellon-sector.w3x"...
[2021-01-05 23:59:11] info: Launching map "E:/codename-askellon/dist/askellon-sector.w3x"...
[2021-01-06 00:33:55] info: Transpiling TypeScript to Lua...
[2021-01-06 00:34:18] info: Building "askellon-sector.w3x"...
[2021-01-06 00:34:18] info: Launching map "E:/codename-askellon/dist/askellon-sector.w3x"...
[2021-01-06 00:36:29] info: Transpiling TypeScript to Lua...
[2021-01-06 00:36:52] info: Building "askellon-sector.w3x"...
[2021-01-06 00:36:53] info: Launching map "E:/codename-askellon/dist/askellon-sector.w3x"...
[2021-01-06 00:41:36] info: Transpiling TypeScript to Lua...
[2021-01-06 00:41:59] info: Building "askellon-sector.w3x"...
[2021-01-06 00:41:59] info: Launching map "E:/codename-askellon/dist/askellon-sector.w3x"...
[2021-01-06 00:42:12] info: Transpiling TypeScript to Lua...
[2021-01-06 00:42:36] info: Building "askellon-sector.w3x"...
[2021-01-06 00:42:36] info: Launching map "E:/codename-askellon/dist/askellon-sector.w3x"...
[2021-01-06 00:45:52] info: Transpiling TypeScript to Lua...
[2021-01-06 00:46:15] info: Building "askellon-sector.w3x"...
[2021-01-06 00:46:16] info: Launching map "E:/codename-askellon/dist/askellon-sector.w3x"...
[2021-01-06 00:54:26] info: Transpiling TypeScript to Lua...
[2021-01-06 00:54:49] info: Building "askellon-sector.w3x"...
[2021-01-06 00:54:50] info: Launching map "E:/codename-askellon/dist/askellon-sector.w3x"...
[2021-01-06 23:48:32] info: Transpiling TypeScript to Lua...
[2021-01-06 23:49:03] info: Building "askellon-sector.w3x"...
[2021-01-06 23:49:04] info: Creating w3x archive...
[2021-01-08 00:17:37] info: Transpiling TypeScript to Lua...
[2021-01-08 00:18:03] info: Building "askellon-sector.w3x"...
[2021-01-08 00:18:19] info: Launching map "E:/codename-askellon/dist/askellon-sector.w3x"...
[2021-01-08 00:36:18] info: Transpiling TypeScript to Lua...
[2021-01-08 00:36:40] info: Building "askellon-sector.w3x"...
[2021-01-08 00:36:41] info: Launching map "E:/codename-askellon/dist/askellon-sector.w3x"...
[2021-01-08 00:40:10] info: Transpiling TypeScript to Lua...
[2021-01-08 00:40:32] info: Building "askellon-sector.w3x"...
[2021-01-08 00:40:33] info: Launching map "E:/codename-askellon/dist/askellon-sector.w3x"...
[2021-01-08 00:47:40] info: Transpiling TypeScript to Lua...
[2021-01-08 00:48:03] info: Building "askellon-sector.w3x"...
[2021-01-08 00:48:03] info: Launching map "E:/codename-askellon/dist/askellon-sector.w3x"...
[2021-01-08 00:51:00] info: Transpiling TypeScript to Lua...
[2021-01-08 00:51:24] info: Building "askellon-sector.w3x"...
[2021-01-08 00:51:24] info: Launching map "E:/codename-askellon/dist/askellon-sector.w3x"...
[2021-01-08 00:53:08] info: Transpiling TypeScript to Lua...
[2021-01-08 00:53:32] info: Building "askellon-sector.w3x"...
[2021-01-08 00:53:32] info: Launching map "E:/codename-askellon/dist/askellon-sector.w3x"...
[2021-01-08 00:57:24] info: Transpiling TypeScript to Lua...
[2021-01-08 00:57:46] info: Building "askellon-sector.w3x"...
[2021-01-08 00:57:47] info: Launching map "E:/codename-askellon/dist/askellon-sector.w3x"...
[2021-01-08 01:00:29] info: Transpiling TypeScript to Lua...
[2021-01-08 01:00:52] info: Building "askellon-sector.w3x"...
[2021-01-08 01:00:53] info: Launching map "E:/codename-askellon/dist/askellon-sector.w3x"...
[2021-01-08 01:03:03] info: Transpiling TypeScript to Lua...
[2021-01-08 01:03:28] info: Building "askellon-sector.w3x"...
[2021-01-08 01:03:29] info: Launching map "E:/codename-askellon/dist/askellon-sector.w3x"...
[2021-01-08 01:06:03] info: Transpiling TypeScript to Lua...
[2021-01-08 01:06:25] info: Building "askellon-sector.w3x"...
[2021-01-08 01:06:26] info: Launching map "E:/codename-askellon/dist/askellon-sector.w3x"...
[2021-01-08 01:13:19] info: Transpiling TypeScript to Lua...
[2021-01-08 01:13:42] info: Building "askellon-sector.w3x"...
[2021-01-08 01:13:43] info: Launching map "E:/codename-askellon/dist/askellon-sector.w3x"...
[2021-01-08 01:16:08] info: Transpiling TypeScript to Lua...
[2021-01-08 01:16:30] info: Building "askellon-sector.w3x"...
[2021-01-08 01:16:30] info: Launching map "E:/codename-askellon/dist/askellon-sector.w3x"...
[2021-01-08 01:29:35] info: Transpiling TypeScript to Lua...
[2021-01-08 01:29:57] info: Building "askellon-sector.w3x"...
[2021-01-08 01:29:57] info: Launching map "E:/codename-askellon/dist/askellon-sector.w3x"...
[2021-01-08 01:35:01] info: Transpiling TypeScript to Lua...
[2021-01-08 01:35:24] info: Building "askellon-sector.w3x"...
[2021-01-08 01:35:24] info: Launching map "E:/codename-askellon/dist/askellon-sector.w3x"...
[2021-01-08 01:37:55] info: Transpiling TypeScript to Lua...
[2021-01-08 01:38:17] info: Building "askellon-sector.w3x"...
[2021-01-08 01:38:17] info: Launching map "E:/codename-askellon/dist/askellon-sector.w3x"...
[2021-01-08 01:41:12] info: Transpiling TypeScript to Lua...
[2021-01-08 01:41:34] info: Building "askellon-sector.w3x"...
[2021-01-08 01:41:34] info: Launching map "E:/codename-askellon/dist/askellon-sector.w3x"...
[2021-01-08 01:46:51] info: Transpiling TypeScript to Lua...
[2021-01-08 01:47:13] info: Building "askellon-sector.w3x"...
[2021-01-08 01:47:14] info: Launching map "E:/codename-askellon/dist/askellon-sector.w3x"...
[2021-01-08 01:53:29] info: Transpiling TypeScript to Lua...
[2021-01-08 01:53:51] info: Building "askellon-sector.w3x"...
[2021-01-08 01:53:52] info: Launching map "E:/codename-askellon/dist/askellon-sector.w3x"...
[2021-01-08 01:55:33] info: Transpiling TypeScript to Lua...
[2021-01-08 01:55:55] info: Building "askellon-sector.w3x"...
[2021-01-08 01:55:56] info: Launching map "E:/codename-askellon/dist/askellon-sector.w3x"...
[2021-01-08 01:58:12] info: Transpiling TypeScript to Lua...
[2021-01-08 01:58:33] info: Building "askellon-sector.w3x"...
[2021-01-08 01:58:34] info: Launching map "E:/codename-askellon/dist/askellon-sector.w3x"...
[2021-01-08 02:01:53] info: Transpiling TypeScript to Lua...
[2021-01-08 02:02:15] info: Building "askellon-sector.w3x"...
[2021-01-08 02:02:16] info: Launching map "E:/codename-askellon/dist/askellon-sector.w3x"...
[2021-01-08 02:05:29] info: Transpiling TypeScript to Lua...
[2021-01-08 02:05:51] info: Building "askellon-sector.w3x"...
[2021-01-08 02:05:52] info: Launching map "E:/codename-askellon/dist/askellon-sector.w3x"...
[2021-01-08 02:09:04] info: Transpiling TypeScript to Lua...
[2021-01-08 02:09:26] info: Building "askellon-sector.w3x"...
[2021-01-08 02:09:26] info: Launching map "E:/codename-askellon/dist/askellon-sector.w3x"...
[2021-01-08 02:11:13] info: Transpiling TypeScript to Lua...
[2021-01-08 02:11:35] info: Building "askellon-sector.w3x"...
[2021-01-08 02:11:36] info: Launching map "E:/codename-askellon/dist/askellon-sector.w3x"...
[2021-01-08 02:13:11] info: Transpiling TypeScript to Lua...
[2021-01-08 02:13:34] info: Building "askellon-sector.w3x"...
[2021-01-08 02:13:35] info: Launching map "E:/codename-askellon/dist/askellon-sector.w3x"...
[2021-01-08 02:16:03] info: Transpiling TypeScript to Lua...
[2021-01-08 02:16:25] info: Building "askellon-sector.w3x"...
[2021-01-08 02:16:26] info: Launching map "E:/codename-askellon/dist/askellon-sector.w3x"...
[2021-01-08 02:18:42] info: Transpiling TypeScript to Lua...
[2021-01-08 02:19:04] info: Building "askellon-sector.w3x"...
[2021-01-08 02:19:05] info: Launching map "E:/codename-askellon/dist/askellon-sector.w3x"...
[2021-01-08 23:51:00] info: Transpiling TypeScript to Lua...
[2021-01-08 23:51:24] info: Building "askellon-sector.w3x"...
[2021-01-08 23:51:25] info: Launching map "E:/codename-askellon/dist/askellon-sector.w3x"...
[2021-01-08 23:56:30] info: Transpiling TypeScript to Lua...
[2021-01-08 23:56:52] info: Building "askellon-sector.w3x"...
[2021-01-08 23:56:53] info: Launching map "E:/codename-askellon/dist/askellon-sector.w3x"...
[2021-01-08 23:59:40] info: Transpiling TypeScript to Lua...
[2021-01-09 00:00:02] info: Building "askellon-sector.w3x"...
[2021-01-09 00:00:02] info: Launching map "E:/codename-askellon/dist/askellon-sector.w3x"...
[2021-01-09 00:02:53] info: Transpiling TypeScript to Lua...
[2021-01-09 00:03:15] info: Building "askellon-sector.w3x"...
[2021-01-09 00:03:16] info: Launching map "E:/codename-askellon/dist/askellon-sector.w3x"...
[2021-01-09 00:05:21] info: Transpiling TypeScript to Lua...
[2021-01-09 00:05:42] info: Building "askellon-sector.w3x"...
[2021-01-09 00:05:43] info: Launching map "E:/codename-askellon/dist/askellon-sector.w3x"...
[2021-01-09 00:07:46] info: Transpiling TypeScript to Lua...
[2021-01-09 00:08:08] info: Building "askellon-sector.w3x"...
[2021-01-09 00:08:08] info: Launching map "E:/codename-askellon/dist/askellon-sector.w3x"...
[2021-01-09 00:09:02] info: Transpiling TypeScript to Lua...
[2021-01-09 00:09:23] info: Building "askellon-sector.w3x"...
[2021-01-09 00:09:24] info: Launching map "E:/codename-askellon/dist/askellon-sector.w3x"...
[2021-01-09 00:09:32] info: Transpiling TypeScript to Lua...
[2021-01-09 00:09:53] info: Building "askellon-sector.w3x"...
[2021-01-09 00:09:54] info: Launching map "E:/codename-askellon/dist/askellon-sector.w3x"...
[2021-01-09 00:12:40] info: Transpiling TypeScript to Lua...
[2021-01-09 00:13:01] info: Building "askellon-sector.w3x"...
[2021-01-09 00:13:02] info: Launching map "E:/codename-askellon/dist/askellon-sector.w3x"...
[2021-01-09 00:15:41] info: Transpiling TypeScript to Lua...
[2021-01-09 00:16:03] info: Building "askellon-sector.w3x"...
[2021-01-09 00:16:04] info: Launching map "E:/codename-askellon/dist/askellon-sector.w3x"...
[2021-01-09 00:17:55] info: Transpiling TypeScript to Lua...
[2021-01-09 00:18:17] info: Building "askellon-sector.w3x"...
[2021-01-09 00:18:18] info: Launching map "E:/codename-askellon/dist/askellon-sector.w3x"...
[2021-01-09 00:20:50] info: Transpiling TypeScript to Lua...
[2021-01-09 00:21:12] info: Building "askellon-sector.w3x"...
[2021-01-09 00:21:13] info: Launching map "E:/codename-askellon/dist/askellon-sector.w3x"...
[2021-01-09 00:23:29] info: Transpiling TypeScript to Lua...
[2021-01-09 00:23:51] info: Building "askellon-sector.w3x"...
[2021-01-09 00:23:52] info: Launching map "E:/codename-askellon/dist/askellon-sector.w3x"...
[2021-01-09 00:26:34] info: Transpiling TypeScript to Lua...
[2021-01-09 00:26:57] info: Building "askellon-sector.w3x"...
[2021-01-09 00:26:57] info: Launching map "E:/codename-askellon/dist/askellon-sector.w3x"...
[2021-01-09 00:28:24] info: Transpiling TypeScript to Lua...
[2021-01-09 00:28:46] info: Building "askellon-sector.w3x"...
[2021-01-09 00:28:47] info: Launching map "E:/codename-askellon/dist/askellon-sector.w3x"...
[2021-01-09 00:29:28] info: Transpiling TypeScript to Lua...
[2021-01-09 00:29:50] info: Building "askellon-sector.w3x"...
[2021-01-09 00:29:51] info: Launching map "E:/codename-askellon/dist/askellon-sector.w3x"...
[2021-01-09 03:27:24] info: Transpiling TypeScript to Lua...
[2021-01-09 03:27:50] info: Building "askellon-sector.w3x"...
[2021-01-09 03:27:51] info: Launching map "E:/codename-askellon/dist/askellon-sector.w3x"...
[2021-01-09 03:55:08] info: Transpiling TypeScript to Lua...
[2021-01-09 03:55:29] info: Building "askellon-sector.w3x"...
[2021-01-09 03:55:30] info: Launching map "E:/codename-askellon/dist/askellon-sector.w3x"...
[2021-01-09 04:26:34] info: Transpiling TypeScript to Lua...
[2021-01-09 04:26:56] info: Building "askellon-sector.w3x"...
[2021-01-09 04:26:56] info: Launching map "E:/codename-askellon/dist/askellon-sector.w3x"...
[2021-01-09 04:30:18] info: Transpiling TypeScript to Lua...
[2021-01-09 04:30:40] info: Building "askellon-sector.w3x"...
[2021-01-09 04:30:40] info: Launching map "E:/codename-askellon/dist/askellon-sector.w3x"...
[2021-01-09 04:35:43] info: Transpiling TypeScript to Lua...
[2021-01-09 04:36:04] info: Building "askellon-sector.w3x"...
[2021-01-09 04:36:05] info: Launching map "E:/codename-askellon/dist/askellon-sector.w3x"...
[2021-01-09 04:49:04] info: Transpiling TypeScript to Lua...
[2021-01-09 04:49:27] info: Building "askellon-sector.w3x"...
[2021-01-09 04:49:27] info: Launching map "E:/codename-askellon/dist/askellon-sector.w3x"...
[2021-01-09 04:52:40] info: Transpiling TypeScript to Lua...
[2021-01-09 04:53:01] info: Building "askellon-sector.w3x"...
[2021-01-09 04:53:02] info: Launching map "E:/codename-askellon/dist/askellon-sector.w3x"...
[2021-01-09 05:02:27] info: Transpiling TypeScript to Lua...
[2021-01-09 05:02:49] info: Building "askellon-sector.w3x"...
[2021-01-09 05:02:49] info: Launching map "E:/codename-askellon/dist/askellon-sector.w3x"...
[2021-01-09 05:07:49] info: Transpiling TypeScript to Lua...
[2021-01-09 05:08:11] info: Building "askellon-sector.w3x"...
[2021-01-09 05:08:12] info: Launching map "E:/codename-askellon/dist/askellon-sector.w3x"...
[2021-01-09 05:09:30] info: Transpiling TypeScript to Lua...
[2021-01-09 05:09:51] info: Building "askellon-sector.w3x"...
[2021-01-09 05:09:52] info: Launching map "E:/codename-askellon/dist/askellon-sector.w3x"...
[2021-01-09 05:14:01] info: Transpiling TypeScript to Lua...
[2021-01-09 05:14:24] info: Building "askellon-sector.w3x"...
[2021-01-09 05:14:25] info: Launching map "E:/codename-askellon/dist/askellon-sector.w3x"...
[2021-01-09 05:16:07] info: Transpiling TypeScript to Lua...
[2021-01-09 05:16:30] info: Building "askellon-sector.w3x"...
[2021-01-09 05:16:31] info: Launching map "E:/codename-askellon/dist/askellon-sector.w3x"...
[2021-01-09 05:18:24] info: Transpiling TypeScript to Lua...
[2021-01-09 05:18:48] info: Building "askellon-sector.w3x"...
[2021-01-09 05:18:49] info: Launching map "E:/codename-askellon/dist/askellon-sector.w3x"...
[2021-01-09 05:22:27] info: Transpiling TypeScript to Lua...
[2021-01-09 05:22:48] info: Building "askellon-sector.w3x"...
[2021-01-09 05:22:49] info: Launching map "E:/codename-askellon/dist/askellon-sector.w3x"...
[2021-01-09 05:26:24] info: Transpiling TypeScript to Lua...
[2021-01-09 05:26:47] info: Building "askellon-sector.w3x"...
[2021-01-09 05:26:47] info: Launching map "E:/codename-askellon/dist/askellon-sector.w3x"...
[2021-01-09 05:28:48] info: Transpiling TypeScript to Lua...
[2021-01-09 05:29:09] info: Building "askellon-sector.w3x"...
[2021-01-09 05:29:10] info: Launching map "E:/codename-askellon/dist/askellon-sector.w3x"...
[2021-01-09 06:48:10] info: Transpiling TypeScript to Lua...
[2021-01-09 06:48:32] info: Building "askellon-sector.w3x"...
[2021-01-09 06:48:33] info: Launching map "E:/codename-askellon/dist/askellon-sector.w3x"...
[2021-01-09 07:10:10] info: Transpiling TypeScript to Lua...
[2021-01-09 07:10:32] info: Building "askellon-sector.w3x"...
[2021-01-09 07:10:33] info: Launching map "E:/codename-askellon/dist/askellon-sector.w3x"...
[2021-01-09 07:35:12] info: Transpiling TypeScript to Lua...
[2021-01-09 07:35:34] info: Building "askellon-sector.w3x"...
[2021-01-09 07:35:35] info: Launching map "E:/codename-askellon/dist/askellon-sector.w3x"...
[2021-01-09 07:37:14] info: Transpiling TypeScript to Lua...
[2021-01-09 07:37:36] info: Building "askellon-sector.w3x"...
[2021-01-09 07:37:37] info: Launching map "E:/codename-askellon/dist/askellon-sector.w3x"...
[2021-01-09 07:39:31] info: Transpiling TypeScript to Lua...
[2021-01-09 07:39:53] info: Building "askellon-sector.w3x"...
[2021-01-09 07:39:54] info: Launching map "E:/codename-askellon/dist/askellon-sector.w3x"...
[2021-01-09 07:41:47] info: Transpiling TypeScript to Lua...
[2021-01-09 07:42:09] info: Building "askellon-sector.w3x"...
[2021-01-09 07:42:09] info: Launching map "E:/codename-askellon/dist/askellon-sector.w3x"...
[2021-01-09 07:44:58] info: Transpiling TypeScript to Lua...
[2021-01-09 07:45:20] info: Building "askellon-sector.w3x"...
[2021-01-09 07:45:21] info: Launching map "E:/codename-askellon/dist/askellon-sector.w3x"...
[2021-01-09 07:48:33] info: Transpiling TypeScript to Lua...
[2021-01-09 07:48:56] info: Building "askellon-sector.w3x"...
[2021-01-09 07:48:56] info: Launching map "E:/codename-askellon/dist/askellon-sector.w3x"...
[2021-01-09 07:50:54] info: Transpiling TypeScript to Lua...
[2021-01-09 07:51:16] info: Building "askellon-sector.w3x"...
[2021-01-09 07:51:16] info: Launching map "E:/codename-askellon/dist/askellon-sector.w3x"...
[2021-01-09 07:53:12] info: Transpiling TypeScript to Lua...
[2021-01-09 07:53:35] info: Building "askellon-sector.w3x"...
[2021-01-09 07:53:36] info: Launching map "E:/codename-askellon/dist/askellon-sector.w3x"...
[2021-01-09 07:55:18] info: Transpiling TypeScript to Lua...
[2021-01-09 07:55:40] info: Building "askellon-sector.w3x"...
[2021-01-09 07:55:46] info: Launching map "E:/codename-askellon/dist/askellon-sector.w3x"...
[2021-01-10 00:45:00] info: Transpiling TypeScript to Lua...
[2021-01-10 00:45:29] info: Building "askellon-sector.w3x"...
[2021-01-10 00:45:30] info: Launching map "E:/codename-askellon/dist/askellon-sector.w3x"...
[2021-01-10 00:53:36] info: Transpiling TypeScript to Lua...
[2021-01-10 00:53:59] info: Building "askellon-sector.w3x"...
[2021-01-10 00:54:00] info: Launching map "E:/codename-askellon/dist/askellon-sector.w3x"...
[2021-01-10 01:07:27] info: Transpiling TypeScript to Lua...
[2021-01-10 01:07:49] info: Building "askellon-sector.w3x"...
[2021-01-10 01:07:50] info: Launching map "E:/codename-askellon/dist/askellon-sector.w3x"...
[2021-01-10 01:16:12] info: Transpiling TypeScript to Lua...
[2021-01-10 01:16:35] info: Building "askellon-sector.w3x"...
[2021-01-10 01:16:36] info: Launching map "E:/codename-askellon/dist/askellon-sector.w3x"...
[2021-01-10 02:29:56] info: Transpiling TypeScript to Lua...
[2021-01-10 02:30:19] info: Building "askellon-sector.w3x"...
[2021-01-10 02:30:20] info: Creating w3x archive...
